<?xml version="1.0" encoding="UTF-8"?>
<!-- Generated by org.testng.reporters.JUnitReportReporter -->
<testsuite hostname="DEG0JSJX1" name="steelcase.gittest.AppTest" tests="1" failures="0" timestamp="15 Feb 2017 17:36:25 GMT" time="3.299" errors="0">
  <testcase name="RegisterNewUser" time="3.299" classname="steelcase.gittest.AppTest"/>
</testsuite> <!-- steelcase.gittest.AppTest -->
